<?xml version="1.0" encoding="UTF-8"?>
<!-- Generated by org.testng.reporters.JUnitReportReporter -->
<testsuite hostname="DESKTOP-VTN43SF" failures="0" tests="1" name="com.makeMyTrip.testClasses.TestClassPractice" time="0.016" errors="0" timestamp="14 Feb 2024 08:50:40 GMT">
  <testcase classname="com.makeMyTrip.testClasses.TestClassPractice" name="Method1" time="0.016"/>
</testsuite> <!-- com.makeMyTrip.testClasses.TestClassPractice -->
