<?xml version="1.0" encoding="UTF-8"?>
<!-- Generated by org.testng.reporters.JUnitReportReporter -->
<testsuite hostname="DESKTOP-VTN43SF" failures="0" tests="1" name="com.makeMyTrip.testClasses.TestClassPractice" time="0.028" errors="0" timestamp="17 Feb 2024 05:57:38 GMT">
  <testcase classname="com.makeMyTrip.testClasses.TestClassPractice" name="Method1" time="0.028"/>
</testsuite> <!-- com.makeMyTrip.testClasses.TestClassPractice -->
